Started GET "/" for 10.0.2.2 at 2021-04-09 22:04:06 +0000
Cannot render console from 10.0.2.2! Allowed networks: 127.0.0.0/127.255.255.255, ::1
  [1m[35m (2.3ms)[0m  [1m[34mSELECT "schema_migrations"."version" FROM "schema_migrations" ORDER BY "schema_migrations"."version" ASC[0m
Processing by Rails::WelcomeController#index as HTML
  Rendering /home/vagrant/.gem/ruby/2.6.3/gems/railties-6.1.3.1/lib/rails/templates/rails/welcome/index.html.erb
  Rendered /home/vagrant/.gem/ruby/2.6.3/gems/railties-6.1.3.1/lib/rails/templates/rails/welcome/index.html.erb (Duration: 13.5ms | Allocations: 516)
Completed 200 OK in 68ms (Views: 26.3ms | ActiveRecord: 0.0ms | Allocations: 4293)


Started GET "/" for 10.0.2.2 at 2021-04-09 22:04:39 +0000
Cannot render console from 10.0.2.2! Allowed networks: 127.0.0.0/127.255.255.255, ::1
Processing by Rails::WelcomeController#index as HTML
  Rendering /home/vagrant/.gem/ruby/2.6.3/gems/railties-6.1.3.1/lib/rails/templates/rails/welcome/index.html.erb
  Rendered /home/vagrant/.gem/ruby/2.6.3/gems/railties-6.1.3.1/lib/rails/templates/rails/welcome/index.html.erb (Duration: 8.2ms | Allocations: 228)
Completed 200 OK in 12ms (Views: 11.0ms | ActiveRecord: 0.0ms | Allocations: 869)


Started GET "/" for 10.0.2.2 at 2021-04-09 22:09:27 +0000
Cannot render console from 10.0.2.2! Allowed networks: 127.0.0.0/127.255.255.255, ::1
  [1m[35m (0.9ms)[0m  [1m[34mSELECT "schema_migrations"."version" FROM "schema_migrations" ORDER BY "schema_migrations"."version" ASC[0m
Processing by HomeController#index as HTML
  Rendering layout layouts/application.html.erb
  Rendering home/index.html.erb within layouts/application
[Webpacker] Compiling...
[Webpacker] Compiled all packs in /vagrant/my_app/public/packs
[Webpacker] Hash: e6372575b0e7620f8241
Version: webpack 4.46.0
Time: 6302ms
Built at: 04/09/2021 10:09:36 PM
                                     Asset       Size       Chunks                         Chunk Names
    js/application-f826770d917d8a37c1d8.js    125 KiB  application  [emitted] [immutable]  application
js/application-f826770d917d8a37c1d8.js.map    139 KiB  application  [emitted] [dev]        application
    js/hello_react-c5758b824478a13c85d5.js   1.09 MiB  hello_react  [emitted] [immutable]  hello_react
js/hello_react-c5758b824478a13c85d5.js.map   1.26 MiB  hello_react  [emitted] [dev]        hello_react
                             manifest.json  703 bytes               [emitted]              
Entrypoint application = js/application-f826770d917d8a37c1d8.js js/application-f826770d917d8a37c1d8.js.map
Entrypoint hello_react = js/hello_react-c5758b824478a13c85d5.js js/hello_react-c5758b824478a13c85d5.js.map
[./app/javascript/channels sync recursive _channel\.js$] ./app/javascript/channels sync _channel\.js$ 160 bytes {application} [built]
[./app/javascript/channels/index.js] 211 bytes {application} [built]
[./app/javascript/packs/application.js] 492 bytes {application} [built]
[./app/javascript/packs/hello_react.jsx] 1.05 KiB {hello_react} [built]
[./node_modules/webpack/buildin/module.js] (webpack)/buildin/module.js 552 bytes {application} [built]
    + 18 hidden modules

  Rendered home/index.html.erb within layouts/application (Duration: 9097.1ms | Allocations: 2522)
[Webpacker] Everything's up-to-date. Nothing to do
  Rendered layout layouts/application.html.erb (Duration: 9243.1ms | Allocations: 17453)
Completed 200 OK in 9276ms (Views: 9258.8ms | ActiveRecord: 0.0ms | Allocations: 20137)


Started GET "/" for 10.0.2.2 at 2021-04-09 22:10:01 +0000
Cannot render console from 10.0.2.2! Allowed networks: 127.0.0.0/127.255.255.255, ::1
Processing by HomeController#index as HTML
  Rendering layout layouts/application.html.erb
  Rendering home/index.html.erb within layouts/application
[Webpacker] Compiling...
[Webpacker] Compilation failed:
Hash: a34b9214da1d048ad3c4
Version: webpack 4.46.0
Time: 1195ms
Built at: 04/09/2021 10:10:04 PM
                                     Asset       Size       Chunks                         Chunk Names
    js/application-f826770d917d8a37c1d8.js    125 KiB  application  [emitted] [immutable]  application
js/application-f826770d917d8a37c1d8.js.map    139 KiB  application  [emitted] [dev]        application
    js/hello_react-3aa7d0c055b2331d654b.js   7.14 KiB  hello_react  [emitted] [immutable]  hello_react
js/hello_react-3aa7d0c055b2331d654b.js.map   3.53 KiB  hello_react  [emitted] [dev]        hello_react
                             manifest.json  703 bytes               [emitted]              
Entrypoint application = js/application-f826770d917d8a37c1d8.js js/application-f826770d917d8a37c1d8.js.map
Entrypoint hello_react = js/hello_react-3aa7d0c055b2331d654b.js js/hello_react-3aa7d0c055b2331d654b.js.map
[./app/javascript/channels sync recursive _channel\.js$] ./app/javascript/channels sync _channel\.js$ 160 bytes {application} [built]
[./app/javascript/channels/index.js] 211 bytes {application} [built]
[./app/javascript/packs/application.js] 492 bytes {application} [built]
[./app/javascript/packs/hello_react.jsx] 3.24 KiB {hello_react} [built] [failed] [1 error]
[./node_modules/webpack/buildin/module.js] (webpack)/buildin/module.js 552 bytes {application} [built]
    + 3 hidden modules

ERROR in ./app/javascript/packs/hello_react.jsx
Module build failed (from ./node_modules/babel-loader/lib/index.js):
SyntaxError: /vagrant/my_app/app/javascript/packs/hello_react.jsx: Unexpected token, expected "jsxTagEnd" (10:34)

   8 |
   9 | const Hello = props => (
> 10 |   <div><h1>Hello {props.name}!</h1</div>
     |                                   ^
  11 | )
  12 |
  13 | Hello.defaultProps = {
    at Object._raise (/vagrant/my_app/node_modules/@babel/parser/lib/index.js:776:17)
    at Object.raiseWithData (/vagrant/my_app/node_modules/@babel/parser/lib/index.js:769:17)
    at Object.raise (/vagrant/my_app/node_modules/@babel/parser/lib/index.js:737:17)
    at Object.unexpected (/vagrant/my_app/node_modules/@babel/parser/lib/index.js:9735:16)
    at Object.expect (/vagrant/my_app/node_modules/@babel/parser/lib/index.js:9721:28)
    at Object.jsxParseClosingElementAt (/vagrant/my_app/node_modules/@babel/parser/lib/index.js:5081:10)
    at Object.jsxParseElementAt (/vagrant/my_app/node_modules/@babel/parser/lib/index.js:5100:37)
    at Object.jsxParseElementAt (/vagrant/my_app/node_modules/@babel/parser/lib/index.js:5104:32)
    at Object.jsxParseElement (/vagrant/my_app/node_modules/@babel/parser/lib/index.js:5162:17)
    at Object.parseExprAtom (/vagrant/my_app/node_modules/@babel/parser/lib/index.js:5169:19)
    at Object.parseExprSubscripts (/vagrant/my_app/node_modules/@babel/parser/lib/index.js:10708:23)
    at Object.parseUpdate (/vagrant/my_app/node_modules/@babel/parser/lib/index.js:10688:21)
    at Object.parseMaybeUnary (/vagrant/my_app/node_modules/@babel/parser/lib/index.js:10666:23)
    at Object.parseExprOps (/vagrant/my_app/node_modules/@babel/parser/lib/index.js:10523:23)
    at Object.parseMaybeConditional (/vagrant/my_app/node_modules/@babel/parser/lib/index.js:10497:23)
    at Object.parseMaybeAssign (/vagrant/my_app/node_modules/@babel/parser/lib/index.js:10460:21)
    at allowInAnd (/vagrant/my_app/node_modules/@babel/parser/lib/index.js:10427:39)
    at Object.allowInAnd (/vagrant/my_app/node_modules/@babel/parser/lib/index.js:12104:12)
    at Object.parseMaybeAssignAllowIn (/vagrant/my_app/node_modules/@babel/parser/lib/index.js:10427:17)
    at Object.parseParenAndDistinguishExpression (/vagrant/my_app/node_modules/@babel/parser/lib/index.js:11308:28)
    at Object.parseExprAtom (/vagrant/my_app/node_modules/@babel/parser/lib/index.js:11026:21)
    at Object.parseExprAtom (/vagrant/my_app/node_modules/@babel/parser/lib/index.js:5174:20)
    at Object.parseExprSubscripts (/vagrant/my_app/node_modules/@babel/parser/lib/index.js:10708:23)
    at Object.parseUpdate (/vagrant/my_app/node_modules/@babel/parser/lib/index.js:10688:21)
    at Object.parseMaybeUnary (/vagrant/my_app/node_modules/@babel/parser/lib/index.js:10666:23)
    at Object.parseExprOps (/vagrant/my_app/node_modules/@babel/parser/lib/index.js:10523:23)
    at Object.parseMaybeConditional (/vagrant/my_app/node_modules/@babel/parser/lib/index.js:10497:23)
    at Object.parseMaybeAssign (/vagrant/my_app/node_modules/@babel/parser/lib/index.js:10460:21)
    at Object.parseFunctionBody (/vagrant/my_app/node_modules/@babel/parser/lib/index.js:11770:24)
    at Object.parseArrowExpression (/vagrant/my_app/node_modules/@babel/parser/lib/index.js:11749:10)

  Rendered home/index.html.erb within layouts/application (Duration: 3401.5ms | Allocations: 2751)
[Webpacker] Everything's up-to-date. Nothing to do
  Rendered layout layouts/application.html.erb (Duration: 3437.7ms | Allocations: 5617)
Completed 200 OK in 3440ms (Views: 3439.1ms | ActiveRecord: 0.0ms | Allocations: 6001)


Started GET "/" for 10.0.2.2 at 2021-04-09 22:10:08 +0000
Cannot render console from 10.0.2.2! Allowed networks: 127.0.0.0/127.255.255.255, ::1
Processing by HomeController#index as HTML
  Rendering layout layouts/application.html.erb
  Rendering home/index.html.erb within layouts/application
[Webpacker] Compiling...
[Webpacker] Compiled all packs in /vagrant/my_app/public/packs
[Webpacker] Hash: 5cd5d4248fca11619ec1
Version: webpack 4.46.0
Time: 1813ms
Built at: 04/09/2021 10:10:12 PM
                                     Asset       Size       Chunks                         Chunk Names
    js/application-f826770d917d8a37c1d8.js    125 KiB  application  [emitted] [immutable]  application
js/application-f826770d917d8a37c1d8.js.map    139 KiB  application  [emitted] [dev]        application
    js/hello_react-127fd1dc816cb5258cde.js   1.09 MiB  hello_react  [emitted] [immutable]  hello_react
js/hello_react-127fd1dc816cb5258cde.js.map   1.26 MiB  hello_react  [emitted] [dev]        hello_react
                             manifest.json  703 bytes               [emitted]              
Entrypoint application = js/application-f826770d917d8a37c1d8.js js/application-f826770d917d8a37c1d8.js.map
Entrypoint hello_react = js/hello_react-127fd1dc816cb5258cde.js js/hello_react-127fd1dc816cb5258cde.js.map
[./app/javascript/channels sync recursive _channel\.js$] ./app/javascript/channels sync _channel\.js$ 160 bytes {application} [built]
[./app/javascript/channels/index.js] 211 bytes {application} [built]
[./app/javascript/packs/application.js] 492 bytes {application} [built]
[./app/javascript/packs/hello_react.jsx] 1.2 KiB {hello_react} [built]
[./node_modules/webpack/buildin/module.js] (webpack)/buildin/module.js 552 bytes {application} [built]
    + 18 hidden modules

  Rendered home/index.html.erb within layouts/application (Duration: 3980.9ms | Allocations: 2832)
[Webpacker] Everything's up-to-date. Nothing to do
  Rendered layout layouts/application.html.erb (Duration: 3995.1ms | Allocations: 5698)
Completed 200 OK in 3997ms (Views: 3996.7ms | ActiveRecord: 0.0ms | Allocations: 6074)


Started GET "/" for 10.0.2.2 at 2021-04-09 22:22:11 +0000
Cannot render console from 10.0.2.2! Allowed networks: 127.0.0.0/127.255.255.255, ::1
  [1m[35m (0.8ms)[0m  [1m[34mSELECT "schema_migrations"."version" FROM "schema_migrations" ORDER BY "schema_migrations"."version" ASC[0m
Processing by HomeController#index as HTML
  Rendering layout layouts/application.html.erb
  Rendering home/index.html.erb within layouts/application
[Webpacker] Compiling...
[Webpacker] Compilation failed:
Hash: f26db0e1bb0243ebf2b2
Version: webpack 4.46.0
Time: 2495ms
Built at: 04/09/2021 10:22:16 PM
                                     Asset       Size       Chunks                         Chunk Names
    js/application-d00b02883f67fcb113e1.js    123 KiB  application  [emitted] [immutable]  application
js/application-d00b02883f67fcb113e1.js.map    138 KiB  application  [emitted] [dev]        application
          js/index-f257fc478b728a572ae5.js   1.07 MiB        index  [emitted] [immutable]  index
      js/index-f257fc478b728a572ae5.js.map   1.23 MiB        index  [emitted] [dev]        index
                             manifest.json  661 bytes               [emitted]              
Entrypoint application = js/application-d00b02883f67fcb113e1.js js/application-d00b02883f67fcb113e1.js.map
Entrypoint index = js/index-f257fc478b728a572ae5.js js/index-f257fc478b728a572ae5.js.map
[./app/javascript/containers/AlbumInfoContainer.js] 4.33 KiB {index} [built]
[./app/javascript/packs/application.js] 473 bytes {application} [built]
[./app/javascript/packs/index.jsx] 487 bytes {index} [built]
[./node_modules/webpack/buildin/module.js] (webpack)/buildin/module.js 552 bytes {application} [built]
    + 14 hidden modules

ERROR in ./app/javascript/containers/AlbumInfoContainer.js
Module not found: Error: Can't resolve '../components/AlbumInfo' in '/vagrant/my_app/app/javascript/containers'
 @ ./app/javascript/containers/AlbumInfoContainer.js 24:0-48
 @ ./app/javascript/components/App.js
 @ ./app/javascript/packs/index.jsx

  Rendered home/index.html.erb within layouts/application (Duration: 4848.7ms | Allocations: 4641)
  Rendered layout layouts/application.html.erb (Duration: 4850.1ms | Allocations: 4716)
Completed 500 Internal Server Error in 4878ms (ActiveRecord: 0.0ms | Allocations: 7432)


  
ActionView::Template::Error (Webpacker can't find hello_react.js in /vagrant/my_app/public/packs/manifest.json. Possible causes:
1. You want to set webpacker.yml value of compile to true for your environment
   unless you are using the `webpack -w` or the webpack-dev-server.
2. webpack has not yet re-run to reflect updates.
3. You have misconfigured Webpacker's config/webpacker.yml file.
4. Your webpack configuration is not creating a manifest.
Your manifest contains:
{
  "application.js": "/packs/js/application-d00b02883f67fcb113e1.js",
  "application.js.map": "/packs/js/application-d00b02883f67fcb113e1.js.map",
  "entrypoints": {
    "application": {
      "js": [
        "/packs/js/application-d00b02883f67fcb113e1.js"
      ],
      "js.map": [
        "/packs/js/application-d00b02883f67fcb113e1.js.map"
      ]
    },
    "index": {
      "js": [
        "/packs/js/index-f257fc478b728a572ae5.js"
      ],
      "js.map": [
        "/packs/js/index-f257fc478b728a572ae5.js.map"
      ]
    }
  },
  "index.js": "/packs/js/index-f257fc478b728a572ae5.js",
  "index.js.map": "/packs/js/index-f257fc478b728a572ae5.js.map"
}
):
    1: <%= javascript_pack_tag "hello_react" %>
  
app/views/home/index.html.erb:1
Started GET "/" for 10.0.2.2 at 2021-04-09 22:22:34 +0000
Cannot render console from 10.0.2.2! Allowed networks: 127.0.0.0/127.255.255.255, ::1
Processing by HomeController#index as HTML
  Rendering layout layouts/application.html.erb
  Rendering home/index.html.erb within layouts/application
[Webpacker] Compiling...
[Webpacker] Compilation failed:
Hash: d871d2d30c788dd953ba
Version: webpack 4.46.0
Time: 1589ms
Built at: 04/09/2021 10:22:37 PM
                                     Asset       Size       Chunks                         Chunk Names
    js/application-d00b02883f67fcb113e1.js    123 KiB  application  [emitted] [immutable]  application
js/application-d00b02883f67fcb113e1.js.map    138 KiB  application  [emitted] [dev]        application
    js/hello_react-0bc34fe91d8e6531abfa.js   1.07 MiB  hello_react  [emitted] [immutable]  hello_react
js/hello_react-0bc34fe91d8e6531abfa.js.map   1.23 MiB  hello_react  [emitted] [dev]        hello_react
                             manifest.json  703 bytes               [emitted]              
Entrypoint application = js/application-d00b02883f67fcb113e1.js js/application-d00b02883f67fcb113e1.js.map
Entrypoint hello_react = js/hello_react-0bc34fe91d8e6531abfa.js js/hello_react-0bc34fe91d8e6531abfa.js.map
[./app/javascript/containers/AlbumInfoContainer.js] 4.33 KiB {hello_react} [built]
[./app/javascript/packs/application.js] 473 bytes {application} [built]
[./app/javascript/packs/hello_react.jsx] 493 bytes {hello_react} [built]
[./node_modules/webpack/buildin/module.js] (webpack)/buildin/module.js 552 bytes {application} [built]
    + 14 hidden modules

ERROR in ./app/javascript/containers/AlbumInfoContainer.js
Module not found: Error: Can't resolve '../components/AlbumInfo' in '/vagrant/my_app/app/javascript/containers'
 @ ./app/javascript/containers/AlbumInfoContainer.js 24:0-48
 @ ./app/javascript/components/App.js
 @ ./app/javascript/packs/hello_react.jsx

  Rendered home/index.html.erb within layouts/application (Duration: 3614.7ms | Allocations: 2832)
[Webpacker] Everything's up-to-date. Nothing to do
  Rendered layout layouts/application.html.erb (Duration: 3658.6ms | Allocations: 8063)
Completed 200 OK in 3660ms (Views: 3659.7ms | ActiveRecord: 0.0ms | Allocations: 8534)


Started GET "/" for 10.0.2.2 at 2021-04-09 22:23:02 +0000
Cannot render console from 10.0.2.2! Allowed networks: 127.0.0.0/127.255.255.255, ::1
Processing by HomeController#index as HTML
  Rendering layout layouts/application.html.erb
  Rendering home/index.html.erb within layouts/application
[Webpacker] Compiling...
[Webpacker] Compilation failed:
Hash: 6aad16cba885a4b6906d
Version: webpack 4.46.0
Time: 1947ms
Built at: 04/09/2021 10:23:06 PM
                                     Asset       Size       Chunks                         Chunk Names
    js/application-d00b02883f67fcb113e1.js    123 KiB  application  [emitted] [immutable]  application
js/application-d00b02883f67fcb113e1.js.map    138 KiB  application  [emitted] [dev]        application
    js/hello_react-362255719877211cfe21.js   1.07 MiB  hello_react  [emitted] [immutable]  hello_react
js/hello_react-362255719877211cfe21.js.map   1.23 MiB  hello_react  [emitted] [dev]        hello_react
                             manifest.json  703 bytes               [emitted]              
Entrypoint application = js/application-d00b02883f67fcb113e1.js js/application-d00b02883f67fcb113e1.js.map
Entrypoint hello_react = js/hello_react-362255719877211cfe21.js js/hello_react-362255719877211cfe21.js.map
[./app/javascript/containers/AlbumInfoContainer.js] 4.33 KiB {hello_react} [built]
[./app/javascript/packs/application.js] 473 bytes {application} [built]
[./app/javascript/packs/hello_react.jsx] 493 bytes {hello_react} [built]
[./node_modules/webpack/buildin/module.js] (webpack)/buildin/module.js 552 bytes {application} [built]
    + 14 hidden modules

ERROR in ./app/javascript/containers/AlbumInfoContainer.js
Module not found: Error: Can't resolve '../components/AlbumInfo' in '/vagrant/my_app/app/javascript/containers'
 @ ./app/javascript/containers/AlbumInfoContainer.js 24:0-48
 @ ./app/javascript/components/App.js
 @ ./app/javascript/packs/hello_react.jsx

  Rendered home/index.html.erb within layouts/application (Duration: 4309.1ms | Allocations: 2779)
[Webpacker] Everything's up-to-date. Nothing to do
  Rendered layout layouts/application.html.erb (Duration: 4322.4ms | Allocations: 5659)
Completed 200 OK in 4324ms (Views: 4323.3ms | ActiveRecord: 0.0ms | Allocations: 6040)


Started GET "/" for 10.0.2.2 at 2021-04-09 22:23:39 +0000
Cannot render console from 10.0.2.2! Allowed networks: 127.0.0.0/127.255.255.255, ::1
Processing by HomeController#index as HTML
  Rendering layout layouts/application.html.erb
  Rendering home/index.html.erb within layouts/application
[Webpacker] Compiling...
[Webpacker] Compiled all packs in /vagrant/my_app/public/packs
[Webpacker] Hash: 7416b9bff559e7bb9629
Version: webpack 4.46.0
Time: 1817ms
Built at: 04/09/2021 10:23:43 PM
                                     Asset       Size       Chunks                         Chunk Names
    js/application-d00b02883f67fcb113e1.js    123 KiB  application  [emitted] [immutable]  application
js/application-d00b02883f67fcb113e1.js.map    138 KiB  application  [emitted] [dev]        application
    js/hello_react-64c83a7e9042048873be.js   1.06 MiB  hello_react  [emitted] [immutable]  hello_react
js/hello_react-64c83a7e9042048873be.js.map   1.22 MiB  hello_react  [emitted] [dev]        hello_react
                             manifest.json  703 bytes               [emitted]              
Entrypoint application = js/application-d00b02883f67fcb113e1.js js/application-d00b02883f67fcb113e1.js.map
Entrypoint hello_react = js/hello_react-64c83a7e9042048873be.js js/hello_react-64c83a7e9042048873be.js.map
[./app/javascript/packs/application.js] 473 bytes {application} [built]
[./app/javascript/packs/hello_react.jsx] 493 bytes {hello_react} [built]
[./node_modules/webpack/buildin/module.js] (webpack)/buildin/module.js 552 bytes {application} [built]
    + 13 hidden modules

  Rendered home/index.html.erb within layouts/application (Duration: 4122.2ms | Allocations: 2832)
[Webpacker] Everything's up-to-date. Nothing to do
  Rendered layout layouts/application.html.erb (Duration: 4137.6ms | Allocations: 5699)
Completed 200 OK in 4139ms (Views: 4138.8ms | ActiveRecord: 0.0ms | Allocations: 6078)


Started GET "/" for 10.0.2.2 at 2021-04-09 22:37:05 +0000
Cannot render console from 10.0.2.2! Allowed networks: 127.0.0.0/127.255.255.255, ::1
Processing by HomeController#index as HTML
  Rendering layout layouts/application.html.erb
  Rendering home/index.html.erb within layouts/application
[Webpacker] Compiling...
[Webpacker] Compiled all packs in /vagrant/my_app/public/packs
[Webpacker] Hash: 1eb96fdcc789c0675c04
Version: webpack 4.46.0
Time: 1869ms
Built at: 04/09/2021 10:37:09 PM
                                     Asset       Size       Chunks                         Chunk Names
    js/application-d00b02883f67fcb113e1.js    123 KiB  application  [emitted] [immutable]  application
js/application-d00b02883f67fcb113e1.js.map    138 KiB  application  [emitted] [dev]        application
    js/hello_react-21fb57c747fc94e6584b.js   1.06 MiB  hello_react  [emitted] [immutable]  hello_react
js/hello_react-21fb57c747fc94e6584b.js.map   1.22 MiB  hello_react  [emitted] [dev]        hello_react
                             manifest.json  703 bytes               [emitted]              
Entrypoint application = js/application-d00b02883f67fcb113e1.js js/application-d00b02883f67fcb113e1.js.map
Entrypoint hello_react = js/hello_react-21fb57c747fc94e6584b.js js/hello_react-21fb57c747fc94e6584b.js.map
[./app/javascript/packs/application.js] 473 bytes {application} [built]
[./app/javascript/packs/hello_react.jsx] 493 bytes {hello_react} [built]
[./node_modules/webpack/buildin/module.js] (webpack)/buildin/module.js 552 bytes {application} [built]
    + 13 hidden modules

  Rendered home/index.html.erb within layouts/application (Duration: 4221.4ms | Allocations: 2832)
[Webpacker] Everything's up-to-date. Nothing to do
  Rendered layout layouts/application.html.erb (Duration: 4235.9ms | Allocations: 5737)
Completed 200 OK in 4238ms (Views: 4236.9ms | Allocations: 6116)


Started GET "/" for 10.0.2.2 at 2021-04-09 22:38:28 +0000
Cannot render console from 10.0.2.2! Allowed networks: 127.0.0.0/127.255.255.255, ::1
Processing by HomeController#index as HTML
  Rendering layout layouts/application.html.erb
  Rendering home/index.html.erb within layouts/application
[Webpacker] Compiling...
[Webpacker] Compiled all packs in /vagrant/my_app/public/packs
[Webpacker] Hash: 3837997a1d23710d34ae
Version: webpack 4.46.0
Time: 1886ms
Built at: 04/09/2021 10:38:32 PM
                                     Asset       Size       Chunks                         Chunk Names
    js/application-d00b02883f67fcb113e1.js    123 KiB  application  [emitted] [immutable]  application
js/application-d00b02883f67fcb113e1.js.map    138 KiB  application  [emitted] [dev]        application
    js/hello_react-6514e179366047d3cc56.js   1.06 MiB  hello_react  [emitted] [immutable]  hello_react
js/hello_react-6514e179366047d3cc56.js.map   1.22 MiB  hello_react  [emitted] [dev]        hello_react
                             manifest.json  703 bytes               [emitted]              
Entrypoint application = js/application-d00b02883f67fcb113e1.js js/application-d00b02883f67fcb113e1.js.map
Entrypoint hello_react = js/hello_react-6514e179366047d3cc56.js js/hello_react-6514e179366047d3cc56.js.map
[./app/javascript/packs/application.js] 473 bytes {application} [built]
[./app/javascript/packs/hello_react.jsx] 493 bytes {hello_react} [built]
[./node_modules/webpack/buildin/module.js] (webpack)/buildin/module.js 552 bytes {application} [built]
    + 14 hidden modules

  Rendered home/index.html.erb within layouts/application (Duration: 3945.5ms | Allocations: 2836)
[Webpacker] Everything's up-to-date. Nothing to do
  Rendered layout layouts/application.html.erb (Duration: 3965.5ms | Allocations: 5702)
Completed 200 OK in 3967ms (Views: 3966.9ms | Allocations: 6078)


Started GET "/" for 10.0.2.2 at 2021-04-09 22:39:10 +0000
Cannot render console from 10.0.2.2! Allowed networks: 127.0.0.0/127.255.255.255, ::1
Processing by HomeController#index as HTML
  Rendering layout layouts/application.html.erb
  Rendering home/index.html.erb within layouts/application
[Webpacker] Compiling...
[Webpacker] Compiled all packs in /vagrant/my_app/public/packs
[Webpacker] Hash: 1efa8b51fd586e313e4f
Version: webpack 4.46.0
Time: 1687ms
Built at: 04/09/2021 10:39:14 PM
                                     Asset       Size       Chunks                         Chunk Names
    js/application-d00b02883f67fcb113e1.js    123 KiB  application  [emitted] [immutable]  application
js/application-d00b02883f67fcb113e1.js.map    138 KiB  application  [emitted] [dev]        application
    js/hello_react-1d6da1155b213ed6dd0f.js   1.06 MiB  hello_react  [emitted] [immutable]  hello_react
js/hello_react-1d6da1155b213ed6dd0f.js.map   1.22 MiB  hello_react  [emitted] [dev]        hello_react
                             manifest.json  703 bytes               [emitted]              
Entrypoint application = js/application-d00b02883f67fcb113e1.js js/application-d00b02883f67fcb113e1.js.map
Entrypoint hello_react = js/hello_react-1d6da1155b213ed6dd0f.js js/hello_react-1d6da1155b213ed6dd0f.js.map
[./app/javascript/packs/application.js] 473 bytes {application} [built]
[./app/javascript/packs/hello_react.jsx] 493 bytes {hello_react} [built]
[./node_modules/webpack/buildin/module.js] (webpack)/buildin/module.js 552 bytes {application} [built]
    + 14 hidden modules

  Rendered home/index.html.erb within layouts/application (Duration: 3885.2ms | Allocations: 2837)
[Webpacker] Everything's up-to-date. Nothing to do
  Rendered layout layouts/application.html.erb (Duration: 3897.2ms | Allocations: 5703)
Completed 200 OK in 3899ms (Views: 3898.0ms | Allocations: 6079)


Started GET "/api/v1/movies" for 10.0.2.2 at 2021-04-09 22:39:14 +0000
Cannot render console from 10.0.2.2! Allowed networks: 127.0.0.0/127.255.255.255, ::1
  
ActionController::RoutingError (No route matches [GET] "/api/v1/movies"):
  
Started GET "/" for 10.0.2.2 at 2021-04-09 22:39:31 +0000
Cannot render console from 10.0.2.2! Allowed networks: 127.0.0.0/127.255.255.255, ::1
  [1m[35m (1.0ms)[0m  [1m[34mSELECT "schema_migrations"."version" FROM "schema_migrations" ORDER BY "schema_migrations"."version" ASC[0m
Processing by HomeController#index as HTML
  Rendering layout layouts/application.html.erb
  Rendering home/index.html.erb within layouts/application
[Webpacker] Everything's up-to-date. Nothing to do
  Rendered home/index.html.erb within layouts/application (Duration: 14.1ms | Allocations: 1927)
[Webpacker] Everything's up-to-date. Nothing to do
  Rendered layout layouts/application.html.erb (Duration: 55.6ms | Allocations: 6949)
Completed 200 OK in 85ms (Views: 63.8ms | ActiveRecord: 0.0ms | Allocations: 9690)


Started GET "/api/v1/movies" for 10.0.2.2 at 2021-04-09 22:39:31 +0000
Cannot render console from 10.0.2.2! Allowed networks: 127.0.0.0/127.255.255.255, ::1
  
ActionController::RoutingError (No route matches [GET] "/api/v1/movies"):
  
Started GET "/" for 10.0.2.2 at 2021-04-09 22:39:34 +0000
Cannot render console from 10.0.2.2! Allowed networks: 127.0.0.0/127.255.255.255, ::1
Processing by HomeController#index as HTML
  Rendering layout layouts/application.html.erb
  Rendering home/index.html.erb within layouts/application
[Webpacker] Everything's up-to-date. Nothing to do
  Rendered home/index.html.erb within layouts/application (Duration: 10.5ms | Allocations: 1719)
[Webpacker] Everything's up-to-date. Nothing to do
  Rendered layout layouts/application.html.erb (Duration: 35.6ms | Allocations: 4680)
Completed 200 OK in 37ms (Views: 36.5ms | ActiveRecord: 0.0ms | Allocations: 5142)


Started GET "/api/v1/movies" for 10.0.2.2 at 2021-04-09 22:39:34 +0000
Cannot render console from 10.0.2.2! Allowed networks: 127.0.0.0/127.255.255.255, ::1
  
ActionController::RoutingError (No route matches [GET] "/api/v1/movies"):
  
Started GET "/" for 10.0.2.2 at 2021-04-09 22:39:35 +0000
Cannot render console from 10.0.2.2! Allowed networks: 127.0.0.0/127.255.255.255, ::1
Processing by HomeController#index as HTML
  Rendering layout layouts/application.html.erb
  Rendering home/index.html.erb within layouts/application
[Webpacker] Everything's up-to-date. Nothing to do
  Rendered home/index.html.erb within layouts/application (Duration: 11.0ms | Allocations: 1671)
[Webpacker] Everything's up-to-date. Nothing to do
  Rendered layout layouts/application.html.erb (Duration: 34.0ms | Allocations: 4536)
Completed 200 OK in 36ms (Views: 34.9ms | ActiveRecord: 0.0ms | Allocations: 4912)


Started GET "/api/v1/movies" for 10.0.2.2 at 2021-04-09 22:39:35 +0000
Cannot render console from 10.0.2.2! Allowed networks: 127.0.0.0/127.255.255.255, ::1
  
ActionController::RoutingError (No route matches [GET] "/api/v1/movies"):
  
Started GET "/" for 10.0.2.2 at 2021-04-09 22:39:35 +0000
Cannot render console from 10.0.2.2! Allowed networks: 127.0.0.0/127.255.255.255, ::1
Processing by HomeController#index as HTML
  Rendering layout layouts/application.html.erb
  Rendering home/index.html.erb within layouts/application
[Webpacker] Everything's up-to-date. Nothing to do
  Rendered home/index.html.erb within layouts/application (Duration: 9.4ms | Allocations: 1671)
[Webpacker] Everything's up-to-date. Nothing to do
  Rendered layout layouts/application.html.erb (Duration: 30.8ms | Allocations: 4538)
Completed 200 OK in 32ms (Views: 31.5ms | ActiveRecord: 0.0ms | Allocations: 4916)


Started GET "/api/v1/movies" for 10.0.2.2 at 2021-04-09 22:39:35 +0000
Cannot render console from 10.0.2.2! Allowed networks: 127.0.0.0/127.255.255.255, ::1
  
ActionController::RoutingError (No route matches [GET] "/api/v1/movies"):
  
Started GET "/" for 10.0.2.2 at 2021-04-09 22:39:36 +0000
Cannot render console from 10.0.2.2! Allowed networks: 127.0.0.0/127.255.255.255, ::1
Processing by HomeController#index as HTML
  Rendering layout layouts/application.html.erb
  Rendering home/index.html.erb within layouts/application
[Webpacker] Everything's up-to-date. Nothing to do
  Rendered home/index.html.erb within layouts/application (Duration: 12.1ms | Allocations: 1671)
[Webpacker] Everything's up-to-date. Nothing to do
  Rendered layout layouts/application.html.erb (Duration: 31.6ms | Allocations: 4536)
Completed 200 OK in 33ms (Views: 32.5ms | ActiveRecord: 0.0ms | Allocations: 4912)


Started GET "/api/v1/movies" for 10.0.2.2 at 2021-04-09 22:39:36 +0000
Cannot render console from 10.0.2.2! Allowed networks: 127.0.0.0/127.255.255.255, ::1
  
ActionController::RoutingError (No route matches [GET] "/api/v1/movies"):
  
Started GET "/" for 10.0.2.2 at 2021-04-09 22:40:32 +0000
Cannot render console from 10.0.2.2! Allowed networks: 127.0.0.0/127.255.255.255, ::1
  [1m[35m (1.1ms)[0m  [1m[34mSELECT "schema_migrations"."version" FROM "schema_migrations" ORDER BY "schema_migrations"."version" ASC[0m
Processing by HomeController#index as HTML
  Rendering layout layouts/application.html.erb
  Rendering home/index.html.erb within layouts/application
[Webpacker] Everything's up-to-date. Nothing to do
  Rendered home/index.html.erb within layouts/application (Duration: 16.3ms | Allocations: 1927)
[Webpacker] Everything's up-to-date. Nothing to do
  Rendered layout layouts/application.html.erb (Duration: 68.1ms | Allocations: 6949)
Completed 200 OK in 102ms (Views: 77.4ms | ActiveRecord: 0.0ms | Allocations: 9690)


Started GET "/api/v1/movies" for 10.0.2.2 at 2021-04-09 22:40:32 +0000
Cannot render console from 10.0.2.2! Allowed networks: 127.0.0.0/127.255.255.255, ::1
Processing by Api::V1::MoviesController#index as */*
Completed 500 Internal Server Error in 4ms (ActiveRecord: 0.0ms | Allocations: 2128)


  
NameError (uninitialized constant Api::V1::MoviesController::Movie):
  
app/controllers/api/v1/movies_controller.rb:8:in `index'
Started GET "/" for 10.0.2.2 at 2021-04-09 22:41:41 +0000
Cannot render console from 10.0.2.2! Allowed networks: 127.0.0.0/127.255.255.255, ::1
  [1m[35m (0.7ms)[0m  [1m[34mSELECT "schema_migrations"."version" FROM "schema_migrations" ORDER BY "schema_migrations"."version" ASC[0m
Processing by HomeController#index as HTML
  Rendering layout layouts/application.html.erb
  Rendering home/index.html.erb within layouts/application
[Webpacker] Compiling...
[Webpacker] Compiled all packs in /vagrant/my_app/public/packs
[Webpacker] Hash: fc542e8be35d0632ef30
Version: webpack 4.46.0
Time: 1774ms
Built at: 04/09/2021 10:41:45 PM
                                     Asset       Size       Chunks                         Chunk Names
    js/application-d00b02883f67fcb113e1.js    123 KiB  application  [emitted] [immutable]  application
js/application-d00b02883f67fcb113e1.js.map    138 KiB  application  [emitted] [dev]        application
    js/hello_react-74ed3cc66bf3725ffb1f.js   1.06 MiB  hello_react  [emitted] [immutable]  hello_react
js/hello_react-74ed3cc66bf3725ffb1f.js.map   1.22 MiB  hello_react  [emitted] [dev]        hello_react
                             manifest.json  703 bytes               [emitted]              
Entrypoint application = js/application-d00b02883f67fcb113e1.js js/application-d00b02883f67fcb113e1.js.map
Entrypoint hello_react = js/hello_react-74ed3cc66bf3725ffb1f.js js/hello_react-74ed3cc66bf3725ffb1f.js.map
[./app/javascript/packs/application.js] 473 bytes {application} [built]
[./app/javascript/packs/hello_react.jsx] 493 bytes {hello_react} [built]
[./node_modules/webpack/buildin/module.js] (webpack)/buildin/module.js 552 bytes {application} [built]
    + 14 hidden modules

  Rendered home/index.html.erb within layouts/application (Duration: 3918.5ms | Allocations: 3117)
[Webpacker] Everything's up-to-date. Nothing to do
  Rendered layout layouts/application.html.erb (Duration: 3946.2ms | Allocations: 8139)
Completed 200 OK in 3973ms (Views: 3952.2ms | ActiveRecord: 0.0ms | Allocations: 10880)


Started GET "/api/v1/movies" for 10.0.2.2 at 2021-04-09 22:41:45 +0000
Cannot render console from 10.0.2.2! Allowed networks: 127.0.0.0/127.255.255.255, ::1
Processing by Api::V1::MoviesController#index as */*
Completed 500 Internal Server Error in 3ms (ActiveRecord: 0.0ms | Allocations: 2127)


  
NameError (uninitialized constant Api::V1::MoviesController::Movie):
  
app/controllers/api/v1/movies_controller.rb:8:in `index'
  [1m[35m (0.2ms)[0m  [1m[34mSELECT pg_try_advisory_lock(4346549080646495835)[0m
  [1m[35m (0.6ms)[0m  [1m[34mSELECT "schema_migrations"."version" FROM "schema_migrations" ORDER BY "schema_migrations"."version" ASC[0m
Migrating to CreateMovies (20210409224224)
  [1m[36mTRANSACTION (0.2ms)[0m  [1m[35mBEGIN[0m
  [1m[35m (4.6ms)[0m  [1m[35mCREATE TABLE "movies" ("id" bigserial primary key, "name" character varying, "rating" integer, "created_at" timestamp(6) NOT NULL, "updated_at" timestamp(6) NOT NULL)[0m
  [1m[36mTRANSACTION (0.2ms)[0m  [1m[31mROLLBACK[0m
  [1m[35m (0.2ms)[0m  [1m[34mSELECT pg_advisory_unlock(4346549080646495835)[0m
  [1m[35m (0.5ms)[0m  [1m[34mSELECT "schema_migrations"."version" FROM "schema_migrations" ORDER BY "schema_migrations"."version" ASC[0m
  [1m[35m (0.4ms)[0m  [1m[34mSELECT "ar_internal_metadata"."value" FROM "ar_internal_metadata" WHERE "ar_internal_metadata"."key" = $1[0m  [["key", "environment"]]
  [1m[35m (0.3ms)[0m  [1m[34mSELECT "schema_migrations"."version" FROM "schema_migrations" ORDER BY "schema_migrations"."version" ASC[0m
  [1m[35m (0.3ms)[0m  [1m[34mSELECT "ar_internal_metadata"."value" FROM "ar_internal_metadata" WHERE "ar_internal_metadata"."key" = $1[0m  [["key", "environment"]]
  [1m[35m (0.3ms)[0m  [1m[34mSELECT "schema_migrations"."version" FROM "schema_migrations" ORDER BY "schema_migrations"."version" ASC[0m
  [1m[35m (0.2ms)[0m  [1m[34mSELECT "ar_internal_metadata"."value" FROM "ar_internal_metadata" WHERE "ar_internal_metadata"."key" = $1[0m  [["key", "environment"]]
  [1m[35m (11.9ms)[0m  [1m[35mDROP DATABASE IF EXISTS "my_app_development"[0m
  [1m[35m (13.6ms)[0m  [1m[35mDROP DATABASE IF EXISTS "my_app_test"[0m
  [1m[35m (49.0ms)[0m  [1m[35mCREATE DATABASE "my_app_development" ENCODING = 'unicode'[0m
  [1m[35m (55.4ms)[0m  [1m[35mCREATE DATABASE "my_app_test" ENCODING = 'unicode'[0m
  [1m[35m (4.1ms)[0m  [1m[35mCREATE TABLE "schema_migrations" ("version" character varying NOT NULL PRIMARY KEY)[0m
  [1m[35m (2.6ms)[0m  [1m[35mCREATE TABLE "ar_internal_metadata" ("key" character varying NOT NULL PRIMARY KEY, "value" character varying, "created_at" timestamp(6) NOT NULL, "updated_at" timestamp(6) NOT NULL)[0m
  [1m[35m (0.3ms)[0m  [1m[34mSELECT pg_try_advisory_lock(4346549080646495835)[0m
  [1m[35m (0.4ms)[0m  [1m[34mSELECT "schema_migrations"."version" FROM "schema_migrations" ORDER BY "schema_migrations"."version" ASC[0m
Migrating to CreateMovies (20210409224224)
  [1m[36mTRANSACTION (0.2ms)[0m  [1m[35mBEGIN[0m
  [1m[35m (3.3ms)[0m  [1m[35mCREATE TABLE "movies" ("id" bigserial primary key, "name" character varying, "rating" integer, "created_at" timestamp(6) NOT NULL, "updated_at" timestamp(6) NOT NULL)[0m
  [1m[36mActiveRecord::SchemaMigration Create (0.4ms)[0m  [1m[32mINSERT INTO "schema_migrations" ("version") VALUES ($1) RETURNING "version"[0m  [["version", "20210409224224"]]
  [1m[36mTRANSACTION (0.5ms)[0m  [1m[35mCOMMIT[0m
  [1m[36mActiveRecord::InternalMetadata Load (0.4ms)[0m  [1m[34mSELECT "ar_internal_metadata".* FROM "ar_internal_metadata" WHERE "ar_internal_metadata"."key" = $1 LIMIT $2[0m  [["key", "environment"], ["LIMIT", 1]]
  [1m[36mTRANSACTION (0.2ms)[0m  [1m[35mBEGIN[0m
  [1m[36mActiveRecord::InternalMetadata Create (0.7ms)[0m  [1m[32mINSERT INTO "ar_internal_metadata" ("key", "value", "created_at", "updated_at") VALUES ($1, $2, $3, $4) RETURNING "key"[0m  [["key", "environment"], ["value", "development"], ["created_at", "2021-04-09 22:42:54.899453"], ["updated_at", "2021-04-09 22:42:54.899453"]]
  [1m[36mTRANSACTION (0.7ms)[0m  [1m[35mCOMMIT[0m
  [1m[35m (0.5ms)[0m  [1m[34mSELECT pg_advisory_unlock(4346549080646495835)[0m
  [1m[35m (0.4ms)[0m  [1m[34mSELECT "schema_migrations"."version" FROM "schema_migrations" ORDER BY "schema_migrations"."version" ASC[0m
  [1m[35m (0.5ms)[0m  [1m[34mSELECT "schema_migrations"."version" FROM "schema_migrations" ORDER BY "schema_migrations"."version" ASC[0m
  [1m[35m (0.3ms)[0m  [1m[34mSELECT "schema_migrations"."version" FROM "schema_migrations" ORDER BY "schema_migrations"."version" ASC[0m
  [1m[36mTRANSACTION (0.3ms)[0m  [1m[35mBEGIN[0m
  [1m[36mMovie Create (0.7ms)[0m  [1m[32mINSERT INTO "movies" ("name", "rating", "created_at", "updated_at") VALUES ($1, $2, $3, $4) RETURNING "id"[0m  [["name", "The Nightmare Before Christmas"], ["rating", 5], ["created_at", "2021-04-09 22:43:20.093115"], ["updated_at", "2021-04-09 22:43:20.093115"]]
  [1m[36mTRANSACTION (0.4ms)[0m  [1m[35mCOMMIT[0m
  [1m[36mTRANSACTION (0.2ms)[0m  [1m[35mBEGIN[0m
  [1m[36mMovie Create (0.3ms)[0m  [1m[32mINSERT INTO "movies" ("name", "rating", "created_at", "updated_at") VALUES ($1, $2, $3, $4) RETURNING "id"[0m  [["name", "Titanic"], ["rating", 5], ["created_at", "2021-04-09 22:43:20.097544"], ["updated_at", "2021-04-09 22:43:20.097544"]]
  [1m[36mTRANSACTION (0.4ms)[0m  [1m[35mCOMMIT[0m
  [1m[36mTRANSACTION (0.4ms)[0m  [1m[35mBEGIN[0m
  [1m[36mMovie Create (0.6ms)[0m  [1m[32mINSERT INTO "movies" ("name", "rating", "created_at", "updated_at") VALUES ($1, $2, $3, $4) RETURNING "id"[0m  [["name", "Venom"], ["rating", 4], ["created_at", "2021-04-09 22:43:20.101419"], ["updated_at", "2021-04-09 22:43:20.101419"]]
  [1m[36mTRANSACTION (0.7ms)[0m  [1m[35mCOMMIT[0m
  [1m[36mTRANSACTION (0.3ms)[0m  [1m[35mBEGIN[0m
  [1m[36mMovie Create (0.5ms)[0m  [1m[32mINSERT INTO "movies" ("name", "rating", "created_at", "updated_at") VALUES ($1, $2, $3, $4) RETURNING "id"[0m  [["name", "A Quiet Place"], ["rating", 5], ["created_at", "2021-04-09 22:43:20.108708"], ["updated_at", "2021-04-09 22:43:20.108708"]]
  [1m[36mTRANSACTION (0.6ms)[0m  [1m[35mCOMMIT[0m
  [1m[36mTRANSACTION (0.2ms)[0m  [1m[35mBEGIN[0m
  [1m[36mMovie Create (0.4ms)[0m  [1m[32mINSERT INTO "movies" ("name", "rating", "created_at", "updated_at") VALUES ($1, $2, $3, $4) RETURNING "id"[0m  [["name", "Nobody's Fool"], ["rating", 2], ["created_at", "2021-04-09 22:43:20.114936"], ["updated_at", "2021-04-09 22:43:20.114936"]]
  [1m[36mTRANSACTION (0.4ms)[0m  [1m[35mCOMMIT[0m
  [1m[36mTRANSACTION (0.3ms)[0m  [1m[35mBEGIN[0m
  [1m[36mMovie Create (0.4ms)[0m  [1m[32mINSERT INTO "movies" ("name", "rating", "created_at", "updated_at") VALUES ($1, $2, $3, $4) RETURNING "id"[0m  [["name", "Suspiria"], ["rating", 4], ["created_at", "2021-04-09 22:43:20.118851"], ["updated_at", "2021-04-09 22:43:20.118851"]]
  [1m[36mTRANSACTION (0.4ms)[0m  [1m[35mCOMMIT[0m
  [1m[36mTRANSACTION (0.2ms)[0m  [1m[35mBEGIN[0m
  [1m[36mMovie Create (0.4ms)[0m  [1m[32mINSERT INTO "movies" ("name", "rating", "created_at", "updated_at") VALUES ($1, $2, $3, $4) RETURNING "id"[0m  [["name", "Hereditary"], ["rating", 4], ["created_at", "2021-04-09 22:43:20.122423"], ["updated_at", "2021-04-09 22:43:20.122423"]]
  [1m[36mTRANSACTION (0.4ms)[0m  [1m[35mCOMMIT[0m
  [1m[36mTRANSACTION (0.2ms)[0m  [1m[35mBEGIN[0m
  [1m[36mMovie Create (0.3ms)[0m  [1m[32mINSERT INTO "movies" ("name", "rating", "created_at", "updated_at") VALUES ($1, $2, $3, $4) RETURNING "id"[0m  [["name", "Office Space"], ["rating", 5], ["created_at", "2021-04-09 22:43:20.126028"], ["updated_at", "2021-04-09 22:43:20.126028"]]
  [1m[36mTRANSACTION (0.4ms)[0m  [1m[35mCOMMIT[0m
  [1m[36mTRANSACTION (0.2ms)[0m  [1m[35mBEGIN[0m
  [1m[36mMovie Create (0.3ms)[0m  [1m[32mINSERT INTO "movies" ("name", "rating", "created_at", "updated_at") VALUES ($1, $2, $3, $4) RETURNING "id"[0m  [["name", "Elf"], ["rating", 4], ["created_at", "2021-04-09 22:43:20.129403"], ["updated_at", "2021-04-09 22:43:20.129403"]]
  [1m[36mTRANSACTION (0.3ms)[0m  [1m[35mCOMMIT[0m
  [1m[36mTRANSACTION (0.3ms)[0m  [1m[35mBEGIN[0m
  [1m[36mMovie Create (0.2ms)[0m  [1m[32mINSERT INTO "movies" ("name", "rating", "created_at", "updated_at") VALUES ($1, $2, $3, $4) RETURNING "id"[0m  [["name", "Dawn of the Planet of the Apes"], ["rating", 3], ["created_at", "2021-04-09 22:43:20.132754"], ["updated_at", "2021-04-09 22:43:20.132754"]]
  [1m[36mTRANSACTION (0.4ms)[0m  [1m[35mCOMMIT[0m
  [1m[36mTRANSACTION (0.2ms)[0m  [1m[35mBEGIN[0m
  [1m[36mMovie Create (0.3ms)[0m  [1m[32mINSERT INTO "movies" ("name", "rating", "created_at", "updated_at") VALUES ($1, $2, $3, $4) RETURNING "id"[0m  [["name", "Secret life of Pets"], ["rating", 4], ["created_at", "2021-04-09 22:43:20.136372"], ["updated_at", "2021-04-09 22:43:20.136372"]]
  [1m[36mTRANSACTION (0.4ms)[0m  [1m[35mCOMMIT[0m
  [1m[36mTRANSACTION (0.2ms)[0m  [1m[35mBEGIN[0m
  [1m[36mMovie Create (0.3ms)[0m  [1m[32mINSERT INTO "movies" ("name", "rating", "created_at", "updated_at") VALUES ($1, $2, $3, $4) RETURNING "id"[0m  [["name", "Overlord"], ["rating", 3], ["created_at", "2021-04-09 22:43:20.139934"], ["updated_at", "2021-04-09 22:43:20.139934"]]
  [1m[36mTRANSACTION (0.4ms)[0m  [1m[35mCOMMIT[0m
  [1m[36mTRANSACTION (0.2ms)[0m  [1m[35mBEGIN[0m
  [1m[36mMovie Create (0.2ms)[0m  [1m[32mINSERT INTO "movies" ("name", "rating", "created_at", "updated_at") VALUES ($1, $2, $3, $4) RETURNING "id"[0m  [["name", "Wonder Woman"], ["rating", 5], ["created_at", "2021-04-09 22:43:20.143339"], ["updated_at", "2021-04-09 22:43:20.143339"]]
  [1m[36mTRANSACTION (0.4ms)[0m  [1m[35mCOMMIT[0m
  [1m[36mTRANSACTION (0.2ms)[0m  [1m[35mBEGIN[0m
  [1m[36mMovie Create (0.3ms)[0m  [1m[32mINSERT INTO "movies" ("name", "rating", "created_at", "updated_at") VALUES ($1, $2, $3, $4) RETURNING "id"[0m  [["name", "Bohemian Rhapsody"], ["rating", 4], ["created_at", "2021-04-09 22:43:20.146408"], ["updated_at", "2021-04-09 22:43:20.146408"]]
  [1m[36mTRANSACTION (0.3ms)[0m  [1m[35mCOMMIT[0m
  [1m[36mTRANSACTION (0.2ms)[0m  [1m[35mBEGIN[0m
  [1m[36mMovie Create (0.2ms)[0m  [1m[32mINSERT INTO "movies" ("name", "rating", "created_at", "updated_at") VALUES ($1, $2, $3, $4) RETURNING "id"[0m  [["name", "Ocean's 8"], ["rating", 5], ["created_at", "2021-04-09 22:43:20.149422"], ["updated_at", "2021-04-09 22:43:20.149422"]]
  [1m[36mTRANSACTION (0.3ms)[0m  [1m[35mCOMMIT[0m
Started GET "/" for 10.0.2.2 at 2021-04-09 22:43:27 +0000
Cannot render console from 10.0.2.2! Allowed networks: 127.0.0.0/127.255.255.255, ::1
  [1m[35m (0.8ms)[0m  [1m[34mSELECT "schema_migrations"."version" FROM "schema_migrations" ORDER BY "schema_migrations"."version" ASC[0m
Processing by HomeController#index as HTML
  Rendering layout layouts/application.html.erb
  Rendering home/index.html.erb within layouts/application
[Webpacker] Everything's up-to-date. Nothing to do
  Rendered home/index.html.erb within layouts/application (Duration: 14.6ms | Allocations: 1931)
[Webpacker] Everything's up-to-date. Nothing to do
  Rendered layout layouts/application.html.erb (Duration: 153.3ms | Allocations: 22504)
Completed 200 OK in 177ms (Views: 158.5ms | ActiveRecord: 0.0ms | Allocations: 25258)


Started GET "/api/v1/movies" for 10.0.2.2 at 2021-04-09 22:43:28 +0000
Cannot render console from 10.0.2.2! Allowed networks: 127.0.0.0/127.255.255.255, ::1
Processing by Api::V1::MoviesController#index as */*
  [1m[36mMovie Load (0.9ms)[0m  [1m[34mSELECT "movies".* FROM "movies"[0m
  ↳ app/controllers/api/v1/movies_controller.rb:10:in `index'
Completed 200 OK in 44ms (Views: 13.5ms | ActiveRecord: 6.1ms | Allocations: 6647)


Started GET "/" for 10.0.2.2 at 2021-04-09 22:47:13 +0000
Cannot render console from 10.0.2.2! Allowed networks: 127.0.0.0/127.255.255.255, ::1
Processing by HomeController#index as HTML
  Rendering layout layouts/application.html.erb
  Rendering home/index.html.erb within layouts/application
[Webpacker] Everything's up-to-date. Nothing to do
  Rendered home/index.html.erb within layouts/application (Duration: 16.0ms | Allocations: 1671)
[Webpacker] Everything's up-to-date. Nothing to do
  Rendered layout layouts/application.html.erb (Duration: 31.9ms | Allocations: 4668)
Completed 200 OK in 34ms (Views: 33.2ms | ActiveRecord: 0.0ms | Allocations: 5049)


Started GET "/api/v1/movies" for 10.0.2.2 at 2021-04-09 22:47:13 +0000
Cannot render console from 10.0.2.2! Allowed networks: 127.0.0.0/127.255.255.255, ::1
Processing by Api::V1::MoviesController#index as */*
  [1m[36mMovie Load (0.9ms)[0m  [1m[34mSELECT "movies".* FROM "movies"[0m
  ↳ app/controllers/api/v1/movies_controller.rb:10:in `index'
Completed 200 OK in 5ms (Views: 3.9ms | ActiveRecord: 0.9ms | Allocations: 2469)


Started GET "/" for 10.0.2.2 at 2021-04-10 00:47:53 +0000
Cannot render console from 10.0.2.2! Allowed networks: 127.0.0.0/127.255.255.255, ::1
  [1m[35m (0.6ms)[0m  [1m[34mSELECT "schema_migrations"."version" FROM "schema_migrations" ORDER BY "schema_migrations"."version" ASC[0m
Processing by HomeController#index as HTML
  Rendering layout layouts/application.html.erb
  Rendering home/index.html.erb within layouts/application
[Webpacker] Everything's up-to-date. Nothing to do
  Rendered home/index.html.erb within layouts/application (Duration: 18.2ms | Allocations: 1945)
[Webpacker] Everything's up-to-date. Nothing to do
  Rendered layout layouts/application.html.erb (Duration: 88.5ms | Allocations: 8658)
Completed 200 OK in 125ms (Views: 96.2ms | ActiveRecord: 0.0ms | Allocations: 11410)


Started GET "/api/v1/movies" for 10.0.2.2 at 2021-04-10 00:47:53 +0000
Cannot render console from 10.0.2.2! Allowed networks: 127.0.0.0/127.255.255.255, ::1
Processing by Api::V1::MoviesController#index as */*
  [1m[36mMovie Load (1.2ms)[0m  [1m[34mSELECT "movies".* FROM "movies"[0m
  ↳ app/controllers/api/v1/movies_controller.rb:10:in `index'
Completed 200 OK in 29ms (Views: 11.7ms | ActiveRecord: 8.6ms | Allocations: 6701)


Started GET "/" for 10.0.2.2 at 2021-04-10 04:00:29 +0000
Cannot render console from 10.0.2.2! Allowed networks: 127.0.0.0/127.255.255.255, ::1
  [1m[35m (0.8ms)[0m  [1m[34mSELECT "schema_migrations"."version" FROM "schema_migrations" ORDER BY "schema_migrations"."version" ASC[0m
Processing by HomeController#index as HTML
  Rendering layout layouts/application.html.erb
  Rendering home/index.html.erb within layouts/application
[Webpacker] Everything's up-to-date. Nothing to do
  Rendered home/index.html.erb within layouts/application (Duration: 11.2ms | Allocations: 1942)
  Rendered layout layouts/application.html.erb (Duration: 134.5ms | Allocations: 18778)
Completed 500 Internal Server Error in 157ms (ActiveRecord: 0.0ms | Allocations: 21504)


  
ActionView::Template::Error (link_tree argument must be a directory):
  
app/assets/config/manifest.js:1
Started GET "/" for 10.0.2.2 at 2021-04-10 04:02:06 +0000
Cannot render console from 10.0.2.2! Allowed networks: 127.0.0.0/127.255.255.255, ::1
Processing by HomeController#index as HTML
  Rendering layout layouts/application.html.erb
  Rendering home/index.html.erb within layouts/application
[Webpacker] Compiling...
[Webpacker] Compiled all packs in /vagrant/Rails-API-React-Tutorial/movies_api_full/public/packs
[Webpacker] Hash: ea34757f6ab3f3182ba1
Version: webpack 4.46.0
Time: 5661ms
Built at: 04/10/2021 4:02:14 AM
                                     Asset       Size       Chunks                         Chunk Names
    js/application-f07114d739e2645c206b.js    123 KiB  application  [emitted] [immutable]  application
js/application-f07114d739e2645c206b.js.map    138 KiB  application  [emitted] [dev]        application
    js/hello_react-62601e019fa4df1c2ecd.js   1.06 MiB  hello_react  [emitted] [immutable]  hello_react
js/hello_react-62601e019fa4df1c2ecd.js.map   1.22 MiB  hello_react  [emitted] [dev]        hello_react
                             manifest.json  703 bytes               [emitted]              
Entrypoint application = js/application-f07114d739e2645c206b.js js/application-f07114d739e2645c206b.js.map
Entrypoint hello_react = js/hello_react-62601e019fa4df1c2ecd.js js/hello_react-62601e019fa4df1c2ecd.js.map
[./app/javascript/packs/application.js] 473 bytes {application} [built]
[./app/javascript/packs/hello_react.jsx] 527 bytes {hello_react} [built]
[./node_modules/webpack/buildin/module.js] (webpack)/buildin/module.js 552 bytes {application} [built]
    + 14 hidden modules

  Rendered home/index.html.erb within layouts/application (Duration: 8140.3ms | Allocations: 2924)
  Rendered layout layouts/application.html.erb (Duration: 8156.5ms | Allocations: 6188)
Completed 500 Internal Server Error in 8159ms (ActiveRecord: 0.0ms | Allocations: 6634)


  
ActionView::Template::Error (link_tree argument must be a directory):
  
app/assets/config/manifest.js:1
Started GET "/" for 10.0.2.2 at 2021-04-10 04:03:42 +0000
Cannot render console from 10.0.2.2! Allowed networks: 127.0.0.0/127.255.255.255, ::1
Processing by HomeController#index as HTML
  Rendering layout layouts/application.html.erb
  Rendering home/index.html.erb within layouts/application
[Webpacker] Everything's up-to-date. Nothing to do
  Rendered home/index.html.erb within layouts/application (Duration: 8.2ms | Allocations: 1672)
[Webpacker] Everything's up-to-date. Nothing to do
  Rendered layout layouts/application.html.erb (Duration: 111.6ms | Allocations: 12470)
Completed 200 OK in 113ms (Views: 112.4ms | ActiveRecord: 0.0ms | Allocations: 12859)


Started GET "/api/v1/movies" for 10.0.2.2 at 2021-04-10 04:03:42 +0000
Cannot render console from 10.0.2.2! Allowed networks: 127.0.0.0/127.255.255.255, ::1
Processing by Api::V1::MoviesController#index as */*
  [1m[36mMovie Load (0.9ms)[0m  [1m[34mSELECT "movies".* FROM "movies"[0m
  ↳ app/controllers/api/v1/movies_controller.rb:10:in `index'
Completed 200 OK in 23ms (Views: 9.3ms | ActiveRecord: 6.3ms | Allocations: 6853)


